\BOOKMARK [0][-]{chapter.1}{\376\377\122\115\212\000}{}% 1
\BOOKMARK [1][-]{section.1.1}{\376\377\174\222\133\120\162\151\164\006}{chapter.1}% 2
\BOOKMARK [1][-]{section.1.2}{\376\377\163\257\137\142\153\143\215\037\165\065\133\120\133\371\144\236\147\072\000\040\000\050\000C\000E\000P\000C\000\051\000\040}{chapter.1}% 3
\BOOKMARK [2][-]{subsection.1.2.1}{\376\377\000C\000E\000P\000C\143\320\121\372\200\314\146\157}{section.1.2}% 4
\BOOKMARK [2][-]{subsection.1.2.2}{\376\377\000C\000E\000P\000C\166\204\116\073\211\201\166\356\150\007}{section.1.2}% 5
\BOOKMARK [2][-]{subsection.1.2.3}{\376\377\000C\000E\000P\000C\152\041\142\337\217\157\116\366\150\106\147\266}{section.1.2}% 6
\BOOKMARK [2][-]{subsection.1.2.4}{\376\377\000C\000E\000P\000C\143\242\155\113\126\150\176\323\147\204}{section.1.2}% 7
\BOOKMARK [1][-]{section.1.3}{\376\377\125\267\154\350\124\163\220\123\222\164\122\053}{chapter.1}% 8
\BOOKMARK [1][-]{section.1.4}{\376\377\147\072\126\150\133\146\116\140}{chapter.1}% 9
\BOOKMARK [0][-]{chapter.2}{\376\377\125\267\154\350\124\163\220\123\222\164\122\053\155\101\172\013}{}% 10
\BOOKMARK [1][-]{section.2.1}{\376\377\123\237\131\313\145\160\143\156\203\267\123\326}{chapter.2}% 11
\BOOKMARK [1][-]{section.2.2}{\376\377\123\237\131\313\145\160\143\156\230\204\131\004\164\006}{chapter.2}% 12
\BOOKMARK [1][-]{section.2.3}{\376\377\162\171\137\201\143\320\123\326\124\214\220\011\142\351}{chapter.2}% 13
\BOOKMARK [1][-]{section.2.4}{\376\377\152\041\127\213\213\255\176\303}{chapter.2}% 14
\BOOKMARK [1][-]{section.2.5}{\376\377\147\072\126\150\133\146\116\140\122\006\174\173\126\150\166\204\140\047\200\375\136\246\221\317}{chapter.2}% 15
\BOOKMARK [2][-]{subsection.2.5.1}{\376\377\174\276\136\246}{section.2.5}% 16
\BOOKMARK [2][-]{subsection.2.5.2}{\376\377\117\341\123\367\145\110\163\207\377\014\213\357\122\044\163\207}{section.2.5}% 17
\BOOKMARK [0][-]{chapter.3}{\376\377\116\272\135\345\171\136\176\317\177\121\176\334}{}% 18
\BOOKMARK [1][-]{section.3.1}{\376\377\171\136\176\317\121\103\152\041\127\213}{chapter.3}% 19
\BOOKMARK [1][-]{section.3.2}{\376\377\171\136\176\317\177\121\176\334\127\372\147\054\176\323\147\204}{chapter.3}% 20
\BOOKMARK [1][-]{section.3.3}{\376\377\122\115\124\021\117\040\144\255\116\016\123\315\124\021\117\040\144\255}{chapter.3}% 21
\BOOKMARK [0][-]{chapter*.17}{\376\377\123\302\200\003\145\207\163\056}{}% 22
